[2025-02-17 18:55:53] local.ERROR: SQLSTATE[HY000] [1045] Access denied for user 'root'@'localhost' (using password: NO) (Connection: mysql, SQL: select exists (select 1 from information_schema.tables where table_schema = 'back_to_work' and table_name = 'migrations' and table_type in ('BASE TABLE', 'SYSTEM VERSIONED')) as `exists`) {"exception":"[object] (Illuminate\\Database\\QueryException(code: 1045): SQLSTATE[HY000] [1045] Access denied for user 'root'@'localhost' (using password: NO) (Connection: mysql, SQL: select exists (select 1 from information_schema.tables where table_schema = 'back_to_work' and table_name = 'migrations' and table_type in ('BASE TABLE', 'SYSTEM VERSIONED')) as `exists`) at /home/javier/Documentos/GitHub/proyecto_daw/back_to_work/vendor/laravel/framework/src/Illuminate/Database/Connection.php:825)
[stacktrace]
#0 /home/javier/Documentos/GitHub/proyecto_daw/back_to_work/vendor/laravel/framework/src/Illuminate/Database/Connection.php(779): Illuminate\\Database\\Connection->runQueryCallback()
#1 /home/javier/Documentos/GitHub/proyecto_daw/back_to_work/vendor/laravel/framework/src/Illuminate/Database/Connection.php(398): Illuminate\\Database\\Connection->run()
#2 /home/javier/Documentos/GitHub/proyecto_daw/back_to_work/vendor/laravel/framework/src/Illuminate/Database/Connection.php(344): Illuminate\\Database\\Connection->select()
#3 /home/javier/Documentos/GitHub/proyecto_daw/back_to_work/vendor/laravel/framework/src/Illuminate/Database/Connection.php(361): Illuminate\\Database\\Connection->selectOne()
#4 /home/javier/Documentos/GitHub/proyecto_daw/back_to_work/vendor/laravel/framework/src/Illuminate/Database/Schema/MySqlBuilder.php(45): Illuminate\\Database\\Connection->scalar()
#5 /home/javier/Documentos/GitHub/proyecto_daw/back_to_work/vendor/laravel/framework/src/Illuminate/Database/Migrations/DatabaseMigrationRepository.php(184): Illuminate\\Database\\Schema\\MySqlBuilder->hasTable()
#6 /home/javier/Documentos/GitHub/proyecto_daw/back_to_work/vendor/laravel/framework/src/Illuminate/Database/Migrations/Migrator.php(742): Illuminate\\Database\\Migrations\\DatabaseMigrationRepository->repositoryExists()
#7 /home/javier/Documentos/GitHub/proyecto_daw/back_to_work/vendor/laravel/framework/src/Illuminate/Database/Console/Migrations/FreshCommand.php(68): Illuminate\\Database\\Migrations\\Migrator->repositoryExists()
#8 /home/javier/Documentos/GitHub/proyecto_daw/back_to_work/vendor/laravel/framework/src/Illuminate/Database/Migrations/Migrator.php(658): Illuminate\\Database\\Console\\Migrations\\FreshCommand->Illuminate\\Database\\Console\\Migrations\\{closure}()
#9 /home/javier/Documentos/GitHub/proyecto_daw/back_to_work/vendor/laravel/framework/src/Illuminate/Database/Console/Migrations/FreshCommand.php(67): Illuminate\\Database\\Migrations\\Migrator->usingConnection()
#10 /home/javier/Documentos/GitHub/proyecto_daw/back_to_work/vendor/laravel/framework/src/Illuminate/Container/BoundMethod.php(36): Illuminate\\Database\\Console\\Migrations\\FreshCommand->handle()
#11 /home/javier/Documentos/GitHub/proyecto_daw/back_to_work/vendor/laravel/framework/src/Illuminate/Container/Util.php(43): Illuminate\\Container\\BoundMethod::Illuminate\\Container\\{closure}()
#12 /home/javier/Documentos/GitHub/proyecto_daw/back_to_work/vendor/laravel/framework/src/Illuminate/Container/BoundMethod.php(95): Illuminate\\Container\\Util::unwrapIfClosure()
#13 /home/javier/Documentos/GitHub/proyecto_daw/back_to_work/vendor/laravel/framework/src/Illuminate/Container/BoundMethod.php(35): Illuminate\\Container\\BoundMethod::callBoundMethod()
#14 /home/javier/Documentos/GitHub/proyecto_daw/back_to_work/vendor/laravel/framework/src/Illuminate/Container/Container.php(696): Illuminate\\Container\\BoundMethod::call()
#15 /home/javier/Documentos/GitHub/proyecto_daw/back_to_work/vendor/laravel/framework/src/Illuminate/Console/Command.php(213): Illuminate\\Container\\Container->call()
#16 /home/javier/Documentos/GitHub/proyecto_daw/back_to_work/vendor/symfony/console/Command/Command.php(279): Illuminate\\Console\\Command->execute()
#17 /home/javier/Documentos/GitHub/proyecto_daw/back_to_work/vendor/laravel/framework/src/Illuminate/Console/Command.php(182): Symfony\\Component\\Console\\Command\\Command->run()
#18 /home/javier/Documentos/GitHub/proyecto_daw/back_to_work/vendor/symfony/console/Application.php(1094): Illuminate\\Console\\Command->run()
#19 /home/javier/Documentos/GitHub/proyecto_daw/back_to_work/vendor/symfony/console/Application.php(342): Symfony\\Component\\Console\\Application->doRunCommand()
#20 /home/javier/Documentos/GitHub/proyecto_daw/back_to_work/vendor/symfony/console/Application.php(193): Symfony\\Component\\Console\\Application->doRun()
#21 /home/javier/Documentos/GitHub/proyecto_daw/back_to_work/vendor/laravel/framework/src/Illuminate/Foundation/Console/Kernel.php(198): Symfony\\Component\\Console\\Application->run()
#22 /home/javier/Documentos/GitHub/proyecto_daw/back_to_work/vendor/laravel/framework/src/Illuminate/Foundation/Application.php(1235): Illuminate\\Foundation\\Console\\Kernel->handle()
#23 /home/javier/Documentos/GitHub/proyecto_daw/back_to_work/artisan(13): Illuminate\\Foundation\\Application->handleCommand()
#24 {main}

[previous exception] [object] (PDOException(code: 1045): SQLSTATE[HY000] [1045] Access denied for user 'root'@'localhost' (using password: NO) at /home/javier/Documentos/GitHub/proyecto_daw/back_to_work/vendor/laravel/framework/src/Illuminate/Database/Connectors/Connector.php:66)
[stacktrace]
#0 /home/javier/Documentos/GitHub/proyecto_daw/back_to_work/vendor/laravel/framework/src/Illuminate/Database/Connectors/Connector.php(66): PDO->__construct()
#1 /home/javier/Documentos/GitHub/proyecto_daw/back_to_work/vendor/laravel/framework/src/Illuminate/Database/Connectors/Connector.php(44): Illuminate\\Database\\Connectors\\Connector->createPdoConnection()
#2 /home/javier/Documentos/GitHub/proyecto_daw/back_to_work/vendor/laravel/framework/src/Illuminate/Database/Connectors/MySqlConnector.php(24): Illuminate\\Database\\Connectors\\Connector->createConnection()
#3 /home/javier/Documentos/GitHub/proyecto_daw/back_to_work/vendor/laravel/framework/src/Illuminate/Database/Connectors/ConnectionFactory.php(185): Illuminate\\Database\\Connectors\\MySqlConnector->connect()
#4 [internal function]: Illuminate\\Database\\Connectors\\ConnectionFactory->Illuminate\\Database\\Connectors\\{closure}()
#5 /home/javier/Documentos/GitHub/proyecto_daw/back_to_work/vendor/laravel/framework/src/Illuminate/Database/Connection.php(1231): call_user_func()
#6 /home/javier/Documentos/GitHub/proyecto_daw/back_to_work/vendor/laravel/framework/src/Illuminate/Database/Connection.php(1267): Illuminate\\Database\\Connection->getPdo()
#7 /home/javier/Documentos/GitHub/proyecto_daw/back_to_work/vendor/laravel/framework/src/Illuminate/Database/Connection.php(512): Illuminate\\Database\\Connection->getReadPdo()
#8 /home/javier/Documentos/GitHub/proyecto_daw/back_to_work/vendor/laravel/framework/src/Illuminate/Database/Connection.php(407): Illuminate\\Database\\Connection->getPdoForSelect()
#9 /home/javier/Documentos/GitHub/proyecto_daw/back_to_work/vendor/laravel/framework/src/Illuminate/Database/Connection.php(812): Illuminate\\Database\\Connection->Illuminate\\Database\\{closure}()
#10 /home/javier/Documentos/GitHub/proyecto_daw/back_to_work/vendor/laravel/framework/src/Illuminate/Database/Connection.php(779): Illuminate\\Database\\Connection->runQueryCallback()
#11 /home/javier/Documentos/GitHub/proyecto_daw/back_to_work/vendor/laravel/framework/src/Illuminate/Database/Connection.php(398): Illuminate\\Database\\Connection->run()
#12 /home/javier/Documentos/GitHub/proyecto_daw/back_to_work/vendor/laravel/framework/src/Illuminate/Database/Connection.php(344): Illuminate\\Database\\Connection->select()
#13 /home/javier/Documentos/GitHub/proyecto_daw/back_to_work/vendor/laravel/framework/src/Illuminate/Database/Connection.php(361): Illuminate\\Database\\Connection->selectOne()
#14 /home/javier/Documentos/GitHub/proyecto_daw/back_to_work/vendor/laravel/framework/src/Illuminate/Database/Schema/MySqlBuilder.php(45): Illuminate\\Database\\Connection->scalar()
#15 /home/javier/Documentos/GitHub/proyecto_daw/back_to_work/vendor/laravel/framework/src/Illuminate/Database/Migrations/DatabaseMigrationRepository.php(184): Illuminate\\Database\\Schema\\MySqlBuilder->hasTable()
#16 /home/javier/Documentos/GitHub/proyecto_daw/back_to_work/vendor/laravel/framework/src/Illuminate/Database/Migrations/Migrator.php(742): Illuminate\\Database\\Migrations\\DatabaseMigrationRepository->repositoryExists()
#17 /home/javier/Documentos/GitHub/proyecto_daw/back_to_work/vendor/laravel/framework/src/Illuminate/Database/Console/Migrations/FreshCommand.php(68): Illuminate\\Database\\Migrations\\Migrator->repositoryExists()
#18 /home/javier/Documentos/GitHub/proyecto_daw/back_to_work/vendor/laravel/framework/src/Illuminate/Database/Migrations/Migrator.php(658): Illuminate\\Database\\Console\\Migrations\\FreshCommand->Illuminate\\Database\\Console\\Migrations\\{closure}()
#19 /home/javier/Documentos/GitHub/proyecto_daw/back_to_work/vendor/laravel/framework/src/Illuminate/Database/Console/Migrations/FreshCommand.php(67): Illuminate\\Database\\Migrations\\Migrator->usingConnection()
#20 /home/javier/Documentos/GitHub/proyecto_daw/back_to_work/vendor/laravel/framework/src/Illuminate/Container/BoundMethod.php(36): Illuminate\\Database\\Console\\Migrations\\FreshCommand->handle()
#21 /home/javier/Documentos/GitHub/proyecto_daw/back_to_work/vendor/laravel/framework/src/Illuminate/Container/Util.php(43): Illuminate\\Container\\BoundMethod::Illuminate\\Container\\{closure}()
#22 /home/javier/Documentos/GitHub/proyecto_daw/back_to_work/vendor/laravel/framework/src/Illuminate/Container/BoundMethod.php(95): Illuminate\\Container\\Util::unwrapIfClosure()
#23 /home/javier/Documentos/GitHub/proyecto_daw/back_to_work/vendor/laravel/framework/src/Illuminate/Container/BoundMethod.php(35): Illuminate\\Container\\BoundMethod::callBoundMethod()
#24 /home/javier/Documentos/GitHub/proyecto_daw/back_to_work/vendor/laravel/framework/src/Illuminate/Container/Container.php(696): Illuminate\\Container\\BoundMethod::call()
#25 /home/javier/Documentos/GitHub/proyecto_daw/back_to_work/vendor/laravel/framework/src/Illuminate/Console/Command.php(213): Illuminate\\Container\\Container->call()
#26 /home/javier/Documentos/GitHub/proyecto_daw/back_to_work/vendor/symfony/console/Command/Command.php(279): Illuminate\\Console\\Command->execute()
#27 /home/javier/Documentos/GitHub/proyecto_daw/back_to_work/vendor/laravel/framework/src/Illuminate/Console/Command.php(182): Symfony\\Component\\Console\\Command\\Command->run()
#28 /home/javier/Documentos/GitHub/proyecto_daw/back_to_work/vendor/symfony/console/Application.php(1094): Illuminate\\Console\\Command->run()
#29 /home/javier/Documentos/GitHub/proyecto_daw/back_to_work/vendor/symfony/console/Application.php(342): Symfony\\Component\\Console\\Application->doRunCommand()
#30 /home/javier/Documentos/GitHub/proyecto_daw/back_to_work/vendor/symfony/console/Application.php(193): Symfony\\Component\\Console\\Application->doRun()
#31 /home/javier/Documentos/GitHub/proyecto_daw/back_to_work/vendor/laravel/framework/src/Illuminate/Foundation/Console/Kernel.php(198): Symfony\\Component\\Console\\Application->run()
#32 /home/javier/Documentos/GitHub/proyecto_daw/back_to_work/vendor/laravel/framework/src/Illuminate/Foundation/Application.php(1235): Illuminate\\Foundation\\Console\\Kernel->handle()
#33 /home/javier/Documentos/GitHub/proyecto_daw/back_to_work/artisan(13): Illuminate\\Foundation\\Application->handleCommand()
#34 {main}
"} 
[2025-02-17 18:59:33] local.ERROR: SQLSTATE[HY000] [1045] Access denied for user 'root'@'localhost' (using password: NO) (Connection: mysql, SQL: select * from `sessions` where `id` = t9c9fN0eqci5fJTnFGgLuF8StKYMZ414MdqNvqqo limit 1) {"exception":"[object] (Illuminate\\Database\\QueryException(code: 1045): SQLSTATE[HY000] [1045] Access denied for user 'root'@'localhost' (using password: NO) (Connection: mysql, SQL: select * from `sessions` where `id` = t9c9fN0eqci5fJTnFGgLuF8StKYMZ414MdqNvqqo limit 1) at /home/javier/Documentos/GitHub/proyecto_daw/back_to_work/vendor/laravel/framework/src/Illuminate/Database/Connection.php:825)
[stacktrace]
#0 /home/javier/Documentos/GitHub/proyecto_daw/back_to_work/vendor/laravel/framework/src/Illuminate/Database/Connection.php(779): Illuminate\\Database\\Connection->runQueryCallback()
#1 /home/javier/Documentos/GitHub/proyecto_daw/back_to_work/vendor/laravel/framework/src/Illuminate/Database/Connection.php(398): Illuminate\\Database\\Connection->run()
#2 /home/javier/Documentos/GitHub/proyecto_daw/back_to_work/vendor/laravel/framework/src/Illuminate/Database/Query/Builder.php(3106): Illuminate\\Database\\Connection->select()
#3 /home/javier/Documentos/GitHub/proyecto_daw/back_to_work/vendor/laravel/framework/src/Illuminate/Database/Query/Builder.php(3091): Illuminate\\Database\\Query\\Builder->runSelect()
#4 /home/javier/Documentos/GitHub/proyecto_daw/back_to_work/vendor/laravel/framework/src/Illuminate/Database/Query/Builder.php(3676): Illuminate\\Database\\Query\\Builder->Illuminate\\Database\\Query\\{closure}()
#5 /home/javier/Documentos/GitHub/proyecto_daw/back_to_work/vendor/laravel/framework/src/Illuminate/Database/Query/Builder.php(3090): Illuminate\\Database\\Query\\Builder->onceWithColumns()
#6 /home/javier/Documentos/GitHub/proyecto_daw/back_to_work/vendor/laravel/framework/src/Illuminate/Database/Concerns/BuildsQueries.php(344): Illuminate\\Database\\Query\\Builder->get()
#7 /home/javier/Documentos/GitHub/proyecto_daw/back_to_work/vendor/laravel/framework/src/Illuminate/Database/Query/Builder.php(3013): Illuminate\\Database\\Query\\Builder->first()
#8 /home/javier/Documentos/GitHub/proyecto_daw/back_to_work/vendor/laravel/framework/src/Illuminate/Session/DatabaseSessionHandler.php(97): Illuminate\\Database\\Query\\Builder->find()
#9 /home/javier/Documentos/GitHub/proyecto_daw/back_to_work/vendor/laravel/framework/src/Illuminate/Session/Store.php(117): Illuminate\\Session\\DatabaseSessionHandler->read()
#10 /home/javier/Documentos/GitHub/proyecto_daw/back_to_work/vendor/laravel/framework/src/Illuminate/Session/Store.php(105): Illuminate\\Session\\Store->readFromHandler()
#11 /home/javier/Documentos/GitHub/proyecto_daw/back_to_work/vendor/laravel/framework/src/Illuminate/Session/Store.php(89): Illuminate\\Session\\Store->loadSession()
#12 /home/javier/Documentos/GitHub/proyecto_daw/back_to_work/vendor/laravel/framework/src/Illuminate/Session/Middleware/StartSession.php(147): Illuminate\\Session\\Store->start()
#13 /home/javier/Documentos/GitHub/proyecto_daw/back_to_work/vendor/laravel/framework/src/Illuminate/Support/helpers.php(399): Illuminate\\Session\\Middleware\\StartSession->Illuminate\\Session\\Middleware\\{closure}()
#14 /home/javier/Documentos/GitHub/proyecto_daw/back_to_work/vendor/laravel/framework/src/Illuminate/Session/Middleware/StartSession.php(144): tap()
#15 /home/javier/Documentos/GitHub/proyecto_daw/back_to_work/vendor/laravel/framework/src/Illuminate/Session/Middleware/StartSession.php(116): Illuminate\\Session\\Middleware\\StartSession->startSession()
#16 /home/javier/Documentos/GitHub/proyecto_daw/back_to_work/vendor/laravel/framework/src/Illuminate/Session/Middleware/StartSession.php(64): Illuminate\\Session\\Middleware\\StartSession->handleStatefulRequest()
#17 /home/javier/Documentos/GitHub/proyecto_daw/back_to_work/vendor/laravel/framework/src/Illuminate/Pipeline/Pipeline.php(209): Illuminate\\Session\\Middleware\\StartSession->handle()
#18 /home/javier/Documentos/GitHub/proyecto_daw/back_to_work/vendor/laravel/framework/src/Illuminate/Cookie/Middleware/AddQueuedCookiesToResponse.php(37): Illuminate\\Pipeline\\Pipeline->Illuminate\\Pipeline\\{closure}()
#19 /home/javier/Documentos/GitHub/proyecto_daw/back_to_work/vendor/laravel/framework/src/Illuminate/Pipeline/Pipeline.php(209): Illuminate\\Cookie\\Middleware\\AddQueuedCookiesToResponse->handle()
#20 /home/javier/Documentos/GitHub/proyecto_daw/back_to_work/vendor/laravel/framework/src/Illuminate/Cookie/Middleware/EncryptCookies.php(75): Illuminate\\Pipeline\\Pipeline->Illuminate\\Pipeline\\{closure}()
#21 /home/javier/Documentos/GitHub/proyecto_daw/back_to_work/vendor/laravel/framework/src/Illuminate/Pipeline/Pipeline.php(209): Illuminate\\Cookie\\Middleware\\EncryptCookies->handle()
#22 /home/javier/Documentos/GitHub/proyecto_daw/back_to_work/vendor/laravel/framework/src/Illuminate/Pipeline/Pipeline.php(127): Illuminate\\Pipeline\\Pipeline->Illuminate\\Pipeline\\{closure}()
#23 /home/javier/Documentos/GitHub/proyecto_daw/back_to_work/vendor/laravel/framework/src/Illuminate/Routing/Router.php(807): Illuminate\\Pipeline\\Pipeline->then()
#24 /home/javier/Documentos/GitHub/proyecto_daw/back_to_work/vendor/laravel/framework/src/Illuminate/Routing/Router.php(786): Illuminate\\Routing\\Router->runRouteWithinStack()
#25 /home/javier/Documentos/GitHub/proyecto_daw/back_to_work/vendor/laravel/framework/src/Illuminate/Routing/Router.php(750): Illuminate\\Routing\\Router->runRoute()
#26 /home/javier/Documentos/GitHub/proyecto_daw/back_to_work/vendor/laravel/framework/src/Illuminate/Routing/Router.php(739): Illuminate\\Routing\\Router->dispatchToRoute()
#27 /home/javier/Documentos/GitHub/proyecto_daw/back_to_work/vendor/laravel/framework/src/Illuminate/Foundation/Http/Kernel.php(201): Illuminate\\Routing\\Router->dispatch()
#28 /home/javier/Documentos/GitHub/proyecto_daw/back_to_work/vendor/laravel/framework/src/Illuminate/Pipeline/Pipeline.php(170): Illuminate\\Foundation\\Http\\Kernel->Illuminate\\Foundation\\Http\\{closure}()
#29 /home/javier/Documentos/GitHub/proyecto_daw/back_to_work/vendor/laravel/framework/src/Illuminate/Foundation/Http/Middleware/TransformsRequest.php(21): Illuminate\\Pipeline\\Pipeline->Illuminate\\Pipeline\\{closure}()
#30 /home/javier/Documentos/GitHub/proyecto_daw/back_to_work/vendor/laravel/framework/src/Illuminate/Foundation/Http/Middleware/ConvertEmptyStringsToNull.php(31): Illuminate\\Foundation\\Http\\Middleware\\TransformsRequest->handle()
#31 /home/javier/Documentos/GitHub/proyecto_daw/back_to_work/vendor/laravel/framework/src/Illuminate/Pipeline/Pipeline.php(209): Illuminate\\Foundation\\Http\\Middleware\\ConvertEmptyStringsToNull->handle()
#32 /home/javier/Documentos/GitHub/proyecto_daw/back_to_work/vendor/laravel/framework/src/Illuminate/Foundation/Http/Middleware/TransformsRequest.php(21): Illuminate\\Pipeline\\Pipeline->Illuminate\\Pipeline\\{closure}()
#33 /home/javier/Documentos/GitHub/proyecto_daw/back_to_work/vendor/laravel/framework/src/Illuminate/Foundation/Http/Middleware/TrimStrings.php(51): Illuminate\\Foundation\\Http\\Middleware\\TransformsRequest->handle()
#34 /home/javier/Documentos/GitHub/proyecto_daw/back_to_work/vendor/laravel/framework/src/Illuminate/Pipeline/Pipeline.php(209): Illuminate\\Foundation\\Http\\Middleware\\TrimStrings->handle()
#35 /home/javier/Documentos/GitHub/proyecto_daw/back_to_work/vendor/laravel/framework/src/Illuminate/Http/Middleware/ValidatePostSize.php(27): Illuminate\\Pipeline\\Pipeline->Illuminate\\Pipeline\\{closure}()
#36 /home/javier/Documentos/GitHub/proyecto_daw/back_to_work/vendor/laravel/framework/src/Illuminate/Pipeline/Pipeline.php(209): Illuminate\\Http\\Middleware\\ValidatePostSize->handle()
#37 /home/javier/Documentos/GitHub/proyecto_daw/back_to_work/vendor/laravel/framework/src/Illuminate/Foundation/Http/Middleware/PreventRequestsDuringMaintenance.php(110): Illuminate\\Pipeline\\Pipeline->Illuminate\\Pipeline\\{closure}()
#38 /home/javier/Documentos/GitHub/proyecto_daw/back_to_work/vendor/laravel/framework/src/Illuminate/Pipeline/Pipeline.php(209): Illuminate\\Foundation\\Http\\Middleware\\PreventRequestsDuringMaintenance->handle()
#39 /home/javier/Documentos/GitHub/proyecto_daw/back_to_work/vendor/laravel/framework/src/Illuminate/Http/Middleware/HandleCors.php(49): Illuminate\\Pipeline\\Pipeline->Illuminate\\Pipeline\\{closure}()
#40 /home/javier/Documentos/GitHub/proyecto_daw/back_to_work/vendor/laravel/framework/src/Illuminate/Pipeline/Pipeline.php(209): Illuminate\\Http\\Middleware\\HandleCors->handle()
#41 /home/javier/Documentos/GitHub/proyecto_daw/back_to_work/vendor/laravel/framework/src/Illuminate/Http/Middleware/TrustProxies.php(58): Illuminate\\Pipeline\\Pipeline->Illuminate\\Pipeline\\{closure}()
#42 /home/javier/Documentos/GitHub/proyecto_daw/back_to_work/vendor/laravel/framework/src/Illuminate/Pipeline/Pipeline.php(209): Illuminate\\Http\\Middleware\\TrustProxies->handle()
#43 /home/javier/Documentos/GitHub/proyecto_daw/back_to_work/vendor/laravel/framework/src/Illuminate/Foundation/Http/Middleware/InvokeDeferredCallbacks.php(22): Illuminate\\Pipeline\\Pipeline->Illuminate\\Pipeline\\{closure}()
#44 /home/javier/Documentos/GitHub/proyecto_daw/back_to_work/vendor/laravel/framework/src/Illuminate/Pipeline/Pipeline.php(209): Illuminate\\Foundation\\Http\\Middleware\\InvokeDeferredCallbacks->handle()
#45 /home/javier/Documentos/GitHub/proyecto_daw/back_to_work/vendor/laravel/framework/src/Illuminate/Pipeline/Pipeline.php(127): Illuminate\\Pipeline\\Pipeline->Illuminate\\Pipeline\\{closure}()
#46 /home/javier/Documentos/GitHub/proyecto_daw/back_to_work/vendor/laravel/framework/src/Illuminate/Foundation/Http/Kernel.php(176): Illuminate\\Pipeline\\Pipeline->then()
#47 /home/javier/Documentos/GitHub/proyecto_daw/back_to_work/vendor/laravel/framework/src/Illuminate/Foundation/Http/Kernel.php(145): Illuminate\\Foundation\\Http\\Kernel->sendRequestThroughRouter()
#48 /home/javier/Documentos/GitHub/proyecto_daw/back_to_work/vendor/laravel/framework/src/Illuminate/Foundation/Application.php(1220): Illuminate\\Foundation\\Http\\Kernel->handle()
#49 /home/javier/Documentos/GitHub/proyecto_daw/back_to_work/public/index.php(17): Illuminate\\Foundation\\Application->handleRequest()
#50 /home/javier/Documentos/GitHub/proyecto_daw/back_to_work/vendor/laravel/framework/src/Illuminate/Foundation/resources/server.php(23): require_once('...')
#51 {main}

[previous exception] [object] (PDOException(code: 1045): SQLSTATE[HY000] [1045] Access denied for user 'root'@'localhost' (using password: NO) at /home/javier/Documentos/GitHub/proyecto_daw/back_to_work/vendor/laravel/framework/src/Illuminate/Database/Connectors/Connector.php:66)
[stacktrace]
#0 /home/javier/Documentos/GitHub/proyecto_daw/back_to_work/vendor/laravel/framework/src/Illuminate/Database/Connectors/Connector.php(66): PDO->__construct()
#1 /home/javier/Documentos/GitHub/proyecto_daw/back_to_work/vendor/laravel/framework/src/Illuminate/Database/Connectors/Connector.php(44): Illuminate\\Database\\Connectors\\Connector->createPdoConnection()
#2 /home/javier/Documentos/GitHub/proyecto_daw/back_to_work/vendor/laravel/framework/src/Illuminate/Database/Connectors/MySqlConnector.php(24): Illuminate\\Database\\Connectors\\Connector->createConnection()
#3 /home/javier/Documentos/GitHub/proyecto_daw/back_to_work/vendor/laravel/framework/src/Illuminate/Database/Connectors/ConnectionFactory.php(185): Illuminate\\Database\\Connectors\\MySqlConnector->connect()
#4 [internal function]: Illuminate\\Database\\Connectors\\ConnectionFactory->Illuminate\\Database\\Connectors\\{closure}()
#5 /home/javier/Documentos/GitHub/proyecto_daw/back_to_work/vendor/laravel/framework/src/Illuminate/Database/Connection.php(1231): call_user_func()
#6 /home/javier/Documentos/GitHub/proyecto_daw/back_to_work/vendor/laravel/framework/src/Illuminate/Database/Connection.php(512): Illuminate\\Database\\Connection->getPdo()
#7 /home/javier/Documentos/GitHub/proyecto_daw/back_to_work/vendor/laravel/framework/src/Illuminate/Database/Connection.php(407): Illuminate\\Database\\Connection->getPdoForSelect()
#8 /home/javier/Documentos/GitHub/proyecto_daw/back_to_work/vendor/laravel/framework/src/Illuminate/Database/Connection.php(812): Illuminate\\Database\\Connection->Illuminate\\Database\\{closure}()
#9 /home/javier/Documentos/GitHub/proyecto_daw/back_to_work/vendor/laravel/framework/src/Illuminate/Database/Connection.php(779): Illuminate\\Database\\Connection->runQueryCallback()
#10 /home/javier/Documentos/GitHub/proyecto_daw/back_to_work/vendor/laravel/framework/src/Illuminate/Database/Connection.php(398): Illuminate\\Database\\Connection->run()
#11 /home/javier/Documentos/GitHub/proyecto_daw/back_to_work/vendor/laravel/framework/src/Illuminate/Database/Query/Builder.php(3106): Illuminate\\Database\\Connection->select()
#12 /home/javier/Documentos/GitHub/proyecto_daw/back_to_work/vendor/laravel/framework/src/Illuminate/Database/Query/Builder.php(3091): Illuminate\\Database\\Query\\Builder->runSelect()
#13 /home/javier/Documentos/GitHub/proyecto_daw/back_to_work/vendor/laravel/framework/src/Illuminate/Database/Query/Builder.php(3676): Illuminate\\Database\\Query\\Builder->Illuminate\\Database\\Query\\{closure}()
#14 /home/javier/Documentos/GitHub/proyecto_daw/back_to_work/vendor/laravel/framework/src/Illuminate/Database/Query/Builder.php(3090): Illuminate\\Database\\Query\\Builder->onceWithColumns()
#15 /home/javier/Documentos/GitHub/proyecto_daw/back_to_work/vendor/laravel/framework/src/Illuminate/Database/Concerns/BuildsQueries.php(344): Illuminate\\Database\\Query\\Builder->get()
#16 /home/javier/Documentos/GitHub/proyecto_daw/back_to_work/vendor/laravel/framework/src/Illuminate/Database/Query/Builder.php(3013): Illuminate\\Database\\Query\\Builder->first()
#17 /home/javier/Documentos/GitHub/proyecto_daw/back_to_work/vendor/laravel/framework/src/Illuminate/Session/DatabaseSessionHandler.php(97): Illuminate\\Database\\Query\\Builder->find()
#18 /home/javier/Documentos/GitHub/proyecto_daw/back_to_work/vendor/laravel/framework/src/Illuminate/Session/Store.php(117): Illuminate\\Session\\DatabaseSessionHandler->read()
#19 /home/javier/Documentos/GitHub/proyecto_daw/back_to_work/vendor/laravel/framework/src/Illuminate/Session/Store.php(105): Illuminate\\Session\\Store->readFromHandler()
#20 /home/javier/Documentos/GitHub/proyecto_daw/back_to_work/vendor/laravel/framework/src/Illuminate/Session/Store.php(89): Illuminate\\Session\\Store->loadSession()
#21 /home/javier/Documentos/GitHub/proyecto_daw/back_to_work/vendor/laravel/framework/src/Illuminate/Session/Middleware/StartSession.php(147): Illuminate\\Session\\Store->start()
#22 /home/javier/Documentos/GitHub/proyecto_daw/back_to_work/vendor/laravel/framework/src/Illuminate/Support/helpers.php(399): Illuminate\\Session\\Middleware\\StartSession->Illuminate\\Session\\Middleware\\{closure}()
#23 /home/javier/Documentos/GitHub/proyecto_daw/back_to_work/vendor/laravel/framework/src/Illuminate/Session/Middleware/StartSession.php(144): tap()
#24 /home/javier/Documentos/GitHub/proyecto_daw/back_to_work/vendor/laravel/framework/src/Illuminate/Session/Middleware/StartSession.php(116): Illuminate\\Session\\Middleware\\StartSession->startSession()
#25 /home/javier/Documentos/GitHub/proyecto_daw/back_to_work/vendor/laravel/framework/src/Illuminate/Session/Middleware/StartSession.php(64): Illuminate\\Session\\Middleware\\StartSession->handleStatefulRequest()
#26 /home/javier/Documentos/GitHub/proyecto_daw/back_to_work/vendor/laravel/framework/src/Illuminate/Pipeline/Pipeline.php(209): Illuminate\\Session\\Middleware\\StartSession->handle()
#27 /home/javier/Documentos/GitHub/proyecto_daw/back_to_work/vendor/laravel/framework/src/Illuminate/Cookie/Middleware/AddQueuedCookiesToResponse.php(37): Illuminate\\Pipeline\\Pipeline->Illuminate\\Pipeline\\{closure}()
#28 /home/javier/Documentos/GitHub/proyecto_daw/back_to_work/vendor/laravel/framework/src/Illuminate/Pipeline/Pipeline.php(209): Illuminate\\Cookie\\Middleware\\AddQueuedCookiesToResponse->handle()
#29 /home/javier/Documentos/GitHub/proyecto_daw/back_to_work/vendor/laravel/framework/src/Illuminate/Cookie/Middleware/EncryptCookies.php(75): Illuminate\\Pipeline\\Pipeline->Illuminate\\Pipeline\\{closure}()
#30 /home/javier/Documentos/GitHub/proyecto_daw/back_to_work/vendor/laravel/framework/src/Illuminate/Pipeline/Pipeline.php(209): Illuminate\\Cookie\\Middleware\\EncryptCookies->handle()
#31 /home/javier/Documentos/GitHub/proyecto_daw/back_to_work/vendor/laravel/framework/src/Illuminate/Pipeline/Pipeline.php(127): Illuminate\\Pipeline\\Pipeline->Illuminate\\Pipeline\\{closure}()
#32 /home/javier/Documentos/GitHub/proyecto_daw/back_to_work/vendor/laravel/framework/src/Illuminate/Routing/Router.php(807): Illuminate\\Pipeline\\Pipeline->then()
#33 /home/javier/Documentos/GitHub/proyecto_daw/back_to_work/vendor/laravel/framework/src/Illuminate/Routing/Router.php(786): Illuminate\\Routing\\Router->runRouteWithinStack()
#34 /home/javier/Documentos/GitHub/proyecto_daw/back_to_work/vendor/laravel/framework/src/Illuminate/Routing/Router.php(750): Illuminate\\Routing\\Router->runRoute()
#35 /home/javier/Documentos/GitHub/proyecto_daw/back_to_work/vendor/laravel/framework/src/Illuminate/Routing/Router.php(739): Illuminate\\Routing\\Router->dispatchToRoute()
#36 /home/javier/Documentos/GitHub/proyecto_daw/back_to_work/vendor/laravel/framework/src/Illuminate/Foundation/Http/Kernel.php(201): Illuminate\\Routing\\Router->dispatch()
#37 /home/javier/Documentos/GitHub/proyecto_daw/back_to_work/vendor/laravel/framework/src/Illuminate/Pipeline/Pipeline.php(170): Illuminate\\Foundation\\Http\\Kernel->Illuminate\\Foundation\\Http\\{closure}()
#38 /home/javier/Documentos/GitHub/proyecto_daw/back_to_work/vendor/laravel/framework/src/Illuminate/Foundation/Http/Middleware/TransformsRequest.php(21): Illuminate\\Pipeline\\Pipeline->Illuminate\\Pipeline\\{closure}()
#39 /home/javier/Documentos/GitHub/proyecto_daw/back_to_work/vendor/laravel/framework/src/Illuminate/Foundation/Http/Middleware/ConvertEmptyStringsToNull.php(31): Illuminate\\Foundation\\Http\\Middleware\\TransformsRequest->handle()
#40 /home/javier/Documentos/GitHub/proyecto_daw/back_to_work/vendor/laravel/framework/src/Illuminate/Pipeline/Pipeline.php(209): Illuminate\\Foundation\\Http\\Middleware\\ConvertEmptyStringsToNull->handle()
#41 /home/javier/Documentos/GitHub/proyecto_daw/back_to_work/vendor/laravel/framework/src/Illuminate/Foundation/Http/Middleware/TransformsRequest.php(21): Illuminate\\Pipeline\\Pipeline->Illuminate\\Pipeline\\{closure}()
#42 /home/javier/Documentos/GitHub/proyecto_daw/back_to_work/vendor/laravel/framework/src/Illuminate/Foundation/Http/Middleware/TrimStrings.php(51): Illuminate\\Foundation\\Http\\Middleware\\TransformsRequest->handle()
#43 /home/javier/Documentos/GitHub/proyecto_daw/back_to_work/vendor/laravel/framework/src/Illuminate/Pipeline/Pipeline.php(209): Illuminate\\Foundation\\Http\\Middleware\\TrimStrings->handle()
#44 /home/javier/Documentos/GitHub/proyecto_daw/back_to_work/vendor/laravel/framework/src/Illuminate/Http/Middleware/ValidatePostSize.php(27): Illuminate\\Pipeline\\Pipeline->Illuminate\\Pipeline\\{closure}()
#45 /home/javier/Documentos/GitHub/proyecto_daw/back_to_work/vendor/laravel/framework/src/Illuminate/Pipeline/Pipeline.php(209): Illuminate\\Http\\Middleware\\ValidatePostSize->handle()
#46 /home/javier/Documentos/GitHub/proyecto_daw/back_to_work/vendor/laravel/framework/src/Illuminate/Foundation/Http/Middleware/PreventRequestsDuringMaintenance.php(110): Illuminate\\Pipeline\\Pipeline->Illuminate\\Pipeline\\{closure}()
#47 /home/javier/Documentos/GitHub/proyecto_daw/back_to_work/vendor/laravel/framework/src/Illuminate/Pipeline/Pipeline.php(209): Illuminate\\Foundation\\Http\\Middleware\\PreventRequestsDuringMaintenance->handle()
#48 /home/javier/Documentos/GitHub/proyecto_daw/back_to_work/vendor/laravel/framework/src/Illuminate/Http/Middleware/HandleCors.php(49): Illuminate\\Pipeline\\Pipeline->Illuminate\\Pipeline\\{closure}()
#49 /home/javier/Documentos/GitHub/proyecto_daw/back_to_work/vendor/laravel/framework/src/Illuminate/Pipeline/Pipeline.php(209): Illuminate\\Http\\Middleware\\HandleCors->handle()
#50 /home/javier/Documentos/GitHub/proyecto_daw/back_to_work/vendor/laravel/framework/src/Illuminate/Http/Middleware/TrustProxies.php(58): Illuminate\\Pipeline\\Pipeline->Illuminate\\Pipeline\\{closure}()
#51 /home/javier/Documentos/GitHub/proyecto_daw/back_to_work/vendor/laravel/framework/src/Illuminate/Pipeline/Pipeline.php(209): Illuminate\\Http\\Middleware\\TrustProxies->handle()
#52 /home/javier/Documentos/GitHub/proyecto_daw/back_to_work/vendor/laravel/framework/src/Illuminate/Foundation/Http/Middleware/InvokeDeferredCallbacks.php(22): Illuminate\\Pipeline\\Pipeline->Illuminate\\Pipeline\\{closure}()
#53 /home/javier/Documentos/GitHub/proyecto_daw/back_to_work/vendor/laravel/framework/src/Illuminate/Pipeline/Pipeline.php(209): Illuminate\\Foundation\\Http\\Middleware\\InvokeDeferredCallbacks->handle()
#54 /home/javier/Documentos/GitHub/proyecto_daw/back_to_work/vendor/laravel/framework/src/Illuminate/Pipeline/Pipeline.php(127): Illuminate\\Pipeline\\Pipeline->Illuminate\\Pipeline\\{closure}()
#55 /home/javier/Documentos/GitHub/proyecto_daw/back_to_work/vendor/laravel/framework/src/Illuminate/Foundation/Http/Kernel.php(176): Illuminate\\Pipeline\\Pipeline->then()
#56 /home/javier/Documentos/GitHub/proyecto_daw/back_to_work/vendor/laravel/framework/src/Illuminate/Foundation/Http/Kernel.php(145): Illuminate\\Foundation\\Http\\Kernel->sendRequestThroughRouter()
#57 /home/javier/Documentos/GitHub/proyecto_daw/back_to_work/vendor/laravel/framework/src/Illuminate/Foundation/Application.php(1220): Illuminate\\Foundation\\Http\\Kernel->handle()
#58 /home/javier/Documentos/GitHub/proyecto_daw/back_to_work/public/index.php(17): Illuminate\\Foundation\\Application->handleRequest()
#59 /home/javier/Documentos/GitHub/proyecto_daw/back_to_work/vendor/laravel/framework/src/Illuminate/Foundation/resources/server.php(23): require_once('...')
#60 {main}
"} 
[2025-02-17 20:03:21] local.ERROR: The "-a" option does not exist. {"exception":"[object] (Symfony\\Component\\Console\\Exception\\RuntimeException(code: 0): The \"-a\" option does not exist. at /home/javier/Documentos/GitHub/proyecto_daw/back_to_work/vendor/symfony/console/Input/ArgvInput.php:128)
[stacktrace]
#0 /home/javier/Documentos/GitHub/proyecto_daw/back_to_work/vendor/symfony/console/Input/ArgvInput.php(110): Symfony\\Component\\Console\\Input\\ArgvInput->parseShortOptionSet()
#1 /home/javier/Documentos/GitHub/proyecto_daw/back_to_work/vendor/symfony/console/Input/ArgvInput.php(90): Symfony\\Component\\Console\\Input\\ArgvInput->parseShortOption()
#2 /home/javier/Documentos/GitHub/proyecto_daw/back_to_work/vendor/symfony/console/Input/ArgvInput.php(77): Symfony\\Component\\Console\\Input\\ArgvInput->parseToken()
#3 /home/javier/Documentos/GitHub/proyecto_daw/back_to_work/vendor/symfony/console/Input/Input.php(53): Symfony\\Component\\Console\\Input\\ArgvInput->parse()
#4 /home/javier/Documentos/GitHub/proyecto_daw/back_to_work/vendor/symfony/console/Command/Command.php(238): Symfony\\Component\\Console\\Input\\Input->bind()
#5 /home/javier/Documentos/GitHub/proyecto_daw/back_to_work/vendor/laravel/framework/src/Illuminate/Console/Command.php(182): Symfony\\Component\\Console\\Command\\Command->run()
#6 /home/javier/Documentos/GitHub/proyecto_daw/back_to_work/vendor/symfony/console/Application.php(1094): Illuminate\\Console\\Command->run()
#7 /home/javier/Documentos/GitHub/proyecto_daw/back_to_work/vendor/symfony/console/Application.php(342): Symfony\\Component\\Console\\Application->doRunCommand()
#8 /home/javier/Documentos/GitHub/proyecto_daw/back_to_work/vendor/symfony/console/Application.php(193): Symfony\\Component\\Console\\Application->doRun()
#9 /home/javier/Documentos/GitHub/proyecto_daw/back_to_work/vendor/laravel/framework/src/Illuminate/Foundation/Console/Kernel.php(198): Symfony\\Component\\Console\\Application->run()
#10 /home/javier/Documentos/GitHub/proyecto_daw/back_to_work/vendor/laravel/framework/src/Illuminate/Foundation/Application.php(1235): Illuminate\\Foundation\\Console\\Kernel->handle()
#11 /home/javier/Documentos/GitHub/proyecto_daw/back_to_work/artisan(13): Illuminate\\Foundation\\Application->handleCommand()
#12 {main}
"} 
[2025-02-17 20:04:24] local.ERROR: The "-e" option does not exist. {"exception":"[object] (Symfony\\Component\\Console\\Exception\\RuntimeException(code: 0): The \"-e\" option does not exist. at /home/javier/Documentos/GitHub/proyecto_daw/back_to_work/vendor/symfony/console/Input/ArgvInput.php:128)
[stacktrace]
#0 /home/javier/Documentos/GitHub/proyecto_daw/back_to_work/vendor/symfony/console/Input/ArgvInput.php(110): Symfony\\Component\\Console\\Input\\ArgvInput->parseShortOptionSet()
#1 /home/javier/Documentos/GitHub/proyecto_daw/back_to_work/vendor/symfony/console/Input/ArgvInput.php(90): Symfony\\Component\\Console\\Input\\ArgvInput->parseShortOption()
#2 /home/javier/Documentos/GitHub/proyecto_daw/back_to_work/vendor/symfony/console/Input/ArgvInput.php(77): Symfony\\Component\\Console\\Input\\ArgvInput->parseToken()
#3 /home/javier/Documentos/GitHub/proyecto_daw/back_to_work/vendor/symfony/console/Input/Input.php(53): Symfony\\Component\\Console\\Input\\ArgvInput->parse()
#4 /home/javier/Documentos/GitHub/proyecto_daw/back_to_work/vendor/symfony/console/Command/Command.php(238): Symfony\\Component\\Console\\Input\\Input->bind()
#5 /home/javier/Documentos/GitHub/proyecto_daw/back_to_work/vendor/laravel/framework/src/Illuminate/Console/Command.php(182): Symfony\\Component\\Console\\Command\\Command->run()
#6 /home/javier/Documentos/GitHub/proyecto_daw/back_to_work/vendor/symfony/console/Application.php(1094): Illuminate\\Console\\Command->run()
#7 /home/javier/Documentos/GitHub/proyecto_daw/back_to_work/vendor/symfony/console/Application.php(342): Symfony\\Component\\Console\\Application->doRunCommand()
#8 /home/javier/Documentos/GitHub/proyecto_daw/back_to_work/vendor/symfony/console/Application.php(193): Symfony\\Component\\Console\\Application->doRun()
#9 /home/javier/Documentos/GitHub/proyecto_daw/back_to_work/vendor/laravel/framework/src/Illuminate/Foundation/Console/Kernel.php(198): Symfony\\Component\\Console\\Application->run()
#10 /home/javier/Documentos/GitHub/proyecto_daw/back_to_work/vendor/laravel/framework/src/Illuminate/Foundation/Application.php(1235): Illuminate\\Foundation\\Console\\Kernel->handle()
#11 /home/javier/Documentos/GitHub/proyecto_daw/back_to_work/artisan(13): Illuminate\\Foundation\\Application->handleCommand()
#12 {main}
"} 
